<?xml version="1.0" encoding="UTF-8"?>
<!-- Generated by org.testng.reporters.JUnitXMLReporter -->
<testsuite ignored="0" hostname="LP2-AP-52028062" failures="0" tests="8" name="torialsNinja Tests" time="62.257" errors="0" timestamp="2024-07-18T13:51:30 IST">
  <testcase classname="com.tutorialsninja.qa.testcases.Login" name="verifyLoginWithvalidCrediantials" time="0.984"/>
  <testcase classname="com.tutorialsninja.qa.testcases.Login" name="verifyLoginWithInvalidCredentials" time="0.95"/>
  <testcase classname="com.tutorialsninja.qa.testcases.Login" name="verifyLoginWithInvalidEmailAndValidPassword" time="0.962"/>
  <testcase classname="com.tutorialsninja.qa.testcases.Login" name="verifyLoginWithvalidEmailAndInValidPassword" time="0.779"/>
  <testcase classname="com.tutorialsninja.qa.testcases.Login" name="verifyLoginWithoutProvidingCredials" time="0.647"/>
  <testcase classname="com.tutorialsninja.qa.testcases.Search" name="verifysearchWithValidProduct" time="0.663"/>
  <testcase classname="com.tutorialsninja.qa.testcases.Search" name="verifySearchWithInvalid" time="0.623"/>
  <testcase classname="com.tutorialsninja.qa.testcases.Search" name="verifySearchWithoutAnyproduct" time="0.492"/>
</testsuite> <!-- torialsNinja Tests -->
