<?xml version="1.0" encoding="UTF-8"?>
<!-- Generated by org.testng.reporters.JUnitXMLReporter -->
<testsuite ignored="0" hostname="LP2-AP-52028062" failures="0" tests="11" name="TutorialsNinja Tests" time="6.194" errors="0" timestamp="2024-05-27T10:21:26 IST">
  <testcase classname="com.tutorialsninja.qa.testcases.Register" name="@BeforeMethod setup" time="0.008">
    <failure type="java.lang.NullPointerException" message="Cannot invoke &amp;quot;java.util.Properties.getProperty(String)&amp;quot; because &amp;quot;this.prop&amp;quot; is null">
      <![CDATA[java.lang.NullPointerException: Cannot invoke "java.util.Properties.getProperty(String)" because "this.prop" is null
at com.tutorialsninja.qa.testcases.Register.setup(Register.java:26)
at java.base/java.util.ArrayList.forEach(ArrayList.java:1511)
... Removed 31 stack frames]]>
    </failure>
  </testcase> <!-- @BeforeMethod setup -->
  <testcase classname="com.tutorialsninja.qa.testcases.Register" name="@AfterMethod teardown" time="0.0">
    <skipped/>
  </testcase> <!-- @AfterMethod teardown -->
  <testcase classname="com.tutorialsninja.qa.testcases.Register" name="@BeforeMethod setup" time="0.0">
    <skipped/>
  </testcase> <!-- @BeforeMethod setup -->
  <testcase classname="com.tutorialsninja.qa.testcases.Register" name="@AfterMethod teardown" time="0.0">
    <skipped/>
  </testcase> <!-- @AfterMethod teardown -->
  <testcase classname="com.tutorialsninja.qa.testcases.Register" name="@BeforeMethod setup" time="0.0">
    <skipped/>
  </testcase> <!-- @BeforeMethod setup -->
  <testcase classname="com.tutorialsninja.qa.testcases.Register" name="@AfterMethod teardown" time="0.0">
    <skipped/>
  </testcase> <!-- @AfterMethod teardown -->
  <testcase classname="com.tutorialsninja.qa.testcases.Login" name="@BeforeMethod setUp" time="0.001">
    <failure type="java.lang.NullPointerException" message="Cannot invoke &amp;quot;java.util.Properties.getProperty(String)&amp;quot; because &amp;quot;this.prop&amp;quot; is null">
      <![CDATA[java.lang.NullPointerException: Cannot invoke "java.util.Properties.getProperty(String)" because "this.prop" is null
at com.tutorialsninja.qa.testcases.Login.setUp(Login.java:37)
at java.base/java.util.ArrayList.forEach(ArrayList.java:1511)
... Removed 31 stack frames]]>
    </failure>
  </testcase> <!-- @BeforeMethod setUp -->
  <testcase classname="com.tutorialsninja.qa.testcases.Login" name="@AfterMethod terDown" time="0.0">
    <skipped/>
  </testcase> <!-- @AfterMethod terDown -->
  <testcase classname="com.tutorialsninja.qa.testcases.Login" name="@BeforeMethod setUp" time="0.0">
    <skipped/>
  </testcase> <!-- @BeforeMethod setUp -->
  <testcase classname="com.tutorialsninja.qa.testcases.Login" name="@AfterMethod terDown" time="0.0">
    <skipped/>
  </testcase> <!-- @AfterMethod terDown -->
  <testcase classname="com.tutorialsninja.qa.testcases.Login" name="@BeforeMethod setUp" time="0.0">
    <skipped/>
  </testcase> <!-- @BeforeMethod setUp -->
  <testcase classname="com.tutorialsninja.qa.testcases.Login" name="@AfterMethod terDown" time="0.0">
    <skipped/>
  </testcase> <!-- @AfterMethod terDown -->
  <testcase classname="com.tutorialsninja.qa.testcases.Login" name="@BeforeMethod setUp" time="0.0">
    <skipped/>
  </testcase> <!-- @BeforeMethod setUp -->
  <testcase classname="com.tutorialsninja.qa.testcases.Login" name="@AfterMethod terDown" time="0.0">
    <skipped/>
  </testcase> <!-- @AfterMethod terDown -->
  <testcase classname="com.tutorialsninja.qa.testcases.Login" name="@BeforeMethod setUp" time="0.0">
    <skipped/>
  </testcase> <!-- @BeforeMethod setUp -->
  <testcase classname="com.tutorialsninja.qa.testcases.Login" name="@AfterMethod terDown" time="0.0">
    <skipped/>
  </testcase> <!-- @AfterMethod terDown -->
  <testcase classname="com.tutorialsninja.qa.testcases.Search" name="@BeforeMethod setup" time="6.072">
    <failure type="java.lang.NullPointerException" message="Cannot invoke &amp;quot;java.util.Properties.getProperty(String)&amp;quot; because &amp;quot;this.prop&amp;quot; is null">
      <![CDATA[java.lang.NullPointerException: Cannot invoke "java.util.Properties.getProperty(String)" because "this.prop" is null
at com.tutrials.ninja.qa.base.Base.initializebrowserOpenApplicationUrl(Base.java:46)
at com.tutorialsninja.qa.testcases.Search.setup(Search.java:19)
at java.base/java.util.ArrayList.forEach(ArrayList.java:1511)
... Removed 31 stack frames]]>
    </failure>
  </testcase> <!-- @BeforeMethod setup -->
  <testcase classname="com.tutorialsninja.qa.testcases.Search" name="@BeforeMethod setup" time="0.0">
    <skipped/>
  </testcase> <!-- @BeforeMethod setup -->
  <testcase classname="com.tutorialsninja.qa.testcases.Search" name="@BeforeMethod setup" time="0.0">
    <skipped/>
  </testcase> <!-- @BeforeMethod setup -->
  <testcase classname="com.tutorialsninja.qa.testcases.Register" name="verifRegisterWithMandtoryFields" time="0.001">
    <skipped/>
  </testcase> <!-- verifRegisterWithMandtoryFields -->
  <testcase classname="com.tutorialsninja.qa.testcases.Register" name="verifyingallthefiledsbygivingallthefields" time="0.0">
    <skipped/>
  </testcase> <!-- verifyingallthefiledsbygivingallthefields -->
  <testcase classname="com.tutorialsninja.qa.testcases.Register" name="verifyingAccoundWithExisitingeEmailAccount" time="0.0">
    <skipped/>
  </testcase> <!-- verifyingAccoundWithExisitingeEmailAccount -->
  <testcase classname="com.tutorialsninja.qa.testcases.Login" name="verifyLoginWithvalidCrediantials" time="0.0">
    <skipped/>
  </testcase> <!-- verifyLoginWithvalidCrediantials -->
  <testcase classname="com.tutorialsninja.qa.testcases.Login" name="verifyLoginWithInvalidCredials" time="0.0">
    <skipped/>
  </testcase> <!-- verifyLoginWithInvalidCredials -->
  <testcase classname="com.tutorialsninja.qa.testcases.Login" name="verifyLoginWithInvalidEmailAndValidPassword" time="0.0">
    <skipped/>
  </testcase> <!-- verifyLoginWithInvalidEmailAndValidPassword -->
  <testcase classname="com.tutorialsninja.qa.testcases.Login" name="verifyLoginWithoutProvidingCredials" time="0.0">
    <skipped/>
  </testcase> <!-- verifyLoginWithoutProvidingCredials -->
  <testcase classname="com.tutorialsninja.qa.testcases.Login" name="verifyLoginWithvalidEmailAndValidPassword" time="0.0">
    <skipped/>
  </testcase> <!-- verifyLoginWithvalidEmailAndValidPassword -->
  <testcase classname="com.tutorialsninja.qa.testcases.Search" name="verifysearchWithValidProduct" time="0.0">
    <skipped/>
  </testcase> <!-- verifysearchWithValidProduct -->
  <testcase classname="com.tutorialsninja.qa.testcases.Search" name="verifySearchWithInvalid" time="0.0">
    <skipped/>
  </testcase> <!-- verifySearchWithInvalid -->
  <testcase classname="com.tutorialsninja.qa.testcases.Search" name="verifySearchWithoutAnyproduct" time="0.0">
    <skipped/>
  </testcase> <!-- verifySearchWithoutAnyproduct -->
</testsuite> <!-- TutorialsNinja Tests -->
