<?xml version="1.0" encoding="UTF-8"?>
<!-- Generated by org.testng.reporters.JUnitXMLReporter -->
<testsuite ignored="4" hostname="LP2-AP-52028062" failures="0" tests="1" name="Default test" time="11.938" errors="0" timestamp="2024-07-30T11:59:24 IST">
  <testcase classname="com.tutorialsninja.qa.testcases.LoginTest" name="verifyLoginWithInvalidEmailAndValidPassword" time="1.02"/>
  <testcase classname="com.tutorialsninja.qa.testcases.LoginTest" name="verifyLoginWithInvalidCredentials" time="0.0">
    <ignored/>
  </testcase> <!-- verifyLoginWithInvalidCredentials -->
  <testcase classname="com.tutorialsninja.qa.testcases.LoginTest" name="verifyLoginWithvalidEmailAndInValidPassword" time="0.0">
    <ignored/>
  </testcase> <!-- verifyLoginWithvalidEmailAndInValidPassword -->
  <testcase classname="com.tutorialsninja.qa.testcases.LoginTest" name="verifyLoginWithoutProvidingCredials" time="0.0">
    <ignored/>
  </testcase> <!-- verifyLoginWithoutProvidingCredials -->
  <testcase classname="com.tutorialsninja.qa.testcases.LoginTest" name="verifyLoginWithvalidCrediantials" time="0.0">
    <ignored/>
  </testcase> <!-- verifyLoginWithvalidCrediantials -->
</testsuite> <!-- Default test -->
