<?xml version="1.0" encoding="UTF-8"?>
<!-- Generated by org.testng.reporters.JUnitXMLReporter -->
<testsuite ignored="0" hostname="LP2-AP-52028062" failures="0" tests="11" name="Test" time="100.971" errors="0" timestamp="2024-09-21T22:41:38 IST">
  <testcase classname="com.tutorialsninja.qa.testcases.RegisterTest" name="verifyRegisterWithMandtoryFields" time="1.877"/>
  <testcase classname="com.tutorialsninja.qa.testcases.RegisterTest" name="verifyingallthefiledsbygivingallthefields" time="1.994"/>
  <testcase classname="com.tutorialsninja.qa.testcases.RegisterTest" name="verifyingAccoundWithExisitingEmailAccount" time="1.949"/>
  <testcase classname="com.tutorialsninja.qa.testcases.SearchTest" name="verifysearchWithValidProduct" time="0.697"/>
  <testcase classname="com.tutorialsninja.qa.testcases.SearchTest" name="verifySearchWithInvalid" time="1.118"/>
  <testcase classname="com.tutorialsninja.qa.testcases.SearchTest" name="verifySearchWithoutAnyproduct" time="0.893"/>
  <testcase classname="com.tutorialsninja.qa.testcases.LoginTest" name="verifyLoginWithvalidCrediantials" time="1.007"/>
  <testcase classname="com.tutorialsninja.qa.testcases.LoginTest" name="verifyLoginWithInvalidCredentials" time="1.423"/>
  <testcase classname="com.tutorialsninja.qa.testcases.LoginTest" name="verifyLoginWithInvalidEmailAndValidPassword" time="0.919"/>
  <testcase classname="com.tutorialsninja.qa.testcases.LoginTest" name="verifyLoginWithvalidEmailAndInValidPassword" time="1.225"/>
  <testcase classname="com.tutorialsninja.qa.testcases.LoginTest" name="verifyLoginWithoutProvidingCredials" time="0.945"/>
</testsuite> <!-- Test -->
