<?xml version="1.0" encoding="UTF-8"?>
<testng-results ignored="0" total="11" passed="11" failed="0" skipped="0">
  <reporter-output>
  </reporter-output>
  <suite started-at="2024-09-21T22:39:56 IST" name="Suite" finished-at="2024-09-21T22:41:37 IST" duration-ms="100971">
    <groups>
    </groups>
    <test started-at="2024-09-21T22:39:56 IST" name="Test" finished-at="2024-09-21T22:41:37 IST" duration-ms="100971">
      <class name="com.tutorialsninja.qa.testcases.RegisterTest">
        <test-method is-config="true" signature="setup()[pri:0, instance:com.tutorialsninja.qa.testcases.RegisterTest@3e27aa33]" started-at="2024-09-21T22:39:57 IST" name="setup" finished-at="2024-09-21T22:40:13 IST" duration-ms="16478" status="PASS">
          <reporter-output>
          </reporter-output>
        </test-method> <!-- setup -->
        <test-method signature="verifyRegisterWithMandtoryFields()[pri:1, instance:com.tutorialsninja.qa.testcases.RegisterTest@3e27aa33]" started-at="2024-09-21T22:40:13 IST" name="verifyRegisterWithMandtoryFields" finished-at="2024-09-21T22:40:15 IST" duration-ms="1877" status="PASS">
          <reporter-output>
          </reporter-output>
        </test-method> <!-- verifyRegisterWithMandtoryFields -->
        <test-method is-config="true" signature="teardown()[pri:0, instance:com.tutorialsninja.qa.testcases.RegisterTest@3e27aa33]" started-at="2024-09-21T22:40:15 IST" name="teardown" finished-at="2024-09-21T22:40:15 IST" duration-ms="1" status="PASS">
          <reporter-output>
          </reporter-output>
        </test-method> <!-- teardown -->
        <test-method is-config="true" signature="setup()[pri:0, instance:com.tutorialsninja.qa.testcases.RegisterTest@3e27aa33]" started-at="2024-09-21T22:40:15 IST" name="setup" finished-at="2024-09-21T22:40:24 IST" duration-ms="8555" status="PASS">
          <reporter-output>
          </reporter-output>
        </test-method> <!-- setup -->
        <test-method signature="verifyingallthefiledsbygivingallthefields()[pri:2, instance:com.tutorialsninja.qa.testcases.RegisterTest@3e27aa33]" started-at="2024-09-21T22:40:24 IST" name="verifyingallthefiledsbygivingallthefields" finished-at="2024-09-21T22:40:26 IST" duration-ms="1994" status="PASS">
          <reporter-output>
          </reporter-output>
        </test-method> <!-- verifyingallthefiledsbygivingallthefields -->
        <test-method is-config="true" signature="teardown()[pri:0, instance:com.tutorialsninja.qa.testcases.RegisterTest@3e27aa33]" started-at="2024-09-21T22:40:26 IST" name="teardown" finished-at="2024-09-21T22:40:26 IST" duration-ms="0" status="PASS">
          <reporter-output>
          </reporter-output>
        </test-method> <!-- teardown -->
        <test-method is-config="true" signature="setup()[pri:0, instance:com.tutorialsninja.qa.testcases.RegisterTest@3e27aa33]" started-at="2024-09-21T22:40:26 IST" name="setup" finished-at="2024-09-21T22:40:32 IST" duration-ms="5996" status="PASS">
          <reporter-output>
          </reporter-output>
        </test-method> <!-- setup -->
        <test-method signature="verifyingAccoundWithExisitingEmailAccount()[pri:3, instance:com.tutorialsninja.qa.testcases.RegisterTest@3e27aa33]" started-at="2024-09-21T22:40:32 IST" name="verifyingAccoundWithExisitingEmailAccount" finished-at="2024-09-21T22:40:34 IST" duration-ms="1949" status="PASS">
          <reporter-output>
          </reporter-output>
        </test-method> <!-- verifyingAccoundWithExisitingEmailAccount -->
        <test-method is-config="true" signature="teardown()[pri:0, instance:com.tutorialsninja.qa.testcases.RegisterTest@3e27aa33]" started-at="2024-09-21T22:40:34 IST" name="teardown" finished-at="2024-09-21T22:40:34 IST" duration-ms="0" status="PASS">
          <reporter-output>
          </reporter-output>
        </test-method> <!-- teardown -->
      </class> <!-- com.tutorialsninja.qa.testcases.RegisterTest -->
      <class name="com.tutorialsninja.qa.testcases.LoginTest">
        <test-method is-config="true" signature="setUp()[pri:0, instance:com.tutorialsninja.qa.testcases.LoginTest@75437611]" started-at="2024-09-21T22:40:58 IST" name="setUp" finished-at="2024-09-21T22:41:05 IST" duration-ms="7339" status="PASS">
          <reporter-output>
          </reporter-output>
        </test-method> <!-- setUp -->
        <test-method signature="verifyLoginWithvalidCrediantials(java.lang.String,java.lang.String)[pri:1, instance:com.tutorialsninja.qa.testcases.LoginTest@75437611]" started-at="2024-09-21T22:41:05 IST" name="verifyLoginWithvalidCrediantials" data-provider="supplyTestData" finished-at="2024-09-21T22:41:06 IST" duration-ms="1007" status="PASS">
          <params>
            <param index="0">
              <value>
                <![CDATA[aishkm9598@gmail.com]]>
              </value>
            </param>
            <param index="1">
              <value>
                <![CDATA[123456789]]>
              </value>
            </param>
          </params>
          <reporter-output>
          </reporter-output>
        </test-method> <!-- verifyLoginWithvalidCrediantials -->
        <test-method is-config="true" signature="terDown()[pri:0, instance:com.tutorialsninja.qa.testcases.LoginTest@75437611]" started-at="2024-09-21T22:41:06 IST" name="terDown" finished-at="2024-09-21T22:41:06 IST" duration-ms="254" status="PASS">
          <reporter-output>
          </reporter-output>
        </test-method> <!-- terDown -->
        <test-method is-config="true" signature="setUp()[pri:0, instance:com.tutorialsninja.qa.testcases.LoginTest@75437611]" started-at="2024-09-21T22:41:06 IST" name="setUp" finished-at="2024-09-21T22:41:13 IST" duration-ms="6298" status="PASS">
          <reporter-output>
          </reporter-output>
        </test-method> <!-- setUp -->
        <test-method signature="verifyLoginWithInvalidCredentials()[pri:2, instance:com.tutorialsninja.qa.testcases.LoginTest@75437611]" started-at="2024-09-21T22:41:13 IST" name="verifyLoginWithInvalidCredentials" finished-at="2024-09-21T22:41:14 IST" duration-ms="1423" status="PASS">
          <reporter-output>
          </reporter-output>
        </test-method> <!-- verifyLoginWithInvalidCredentials -->
        <test-method is-config="true" signature="terDown()[pri:0, instance:com.tutorialsninja.qa.testcases.LoginTest@75437611]" started-at="2024-09-21T22:41:14 IST" name="terDown" finished-at="2024-09-21T22:41:14 IST" duration-ms="0" status="PASS">
          <reporter-output>
          </reporter-output>
        </test-method> <!-- terDown -->
        <test-method is-config="true" signature="setUp()[pri:0, instance:com.tutorialsninja.qa.testcases.LoginTest@75437611]" started-at="2024-09-21T22:41:14 IST" name="setUp" finished-at="2024-09-21T22:41:20 IST" duration-ms="5885" status="PASS">
          <reporter-output>
          </reporter-output>
        </test-method> <!-- setUp -->
        <test-method signature="verifyLoginWithInvalidEmailAndValidPassword()[pri:3, instance:com.tutorialsninja.qa.testcases.LoginTest@75437611]" started-at="2024-09-21T22:41:20 IST" name="verifyLoginWithInvalidEmailAndValidPassword" finished-at="2024-09-21T22:41:21 IST" duration-ms="919" status="PASS">
          <reporter-output>
          </reporter-output>
        </test-method> <!-- verifyLoginWithInvalidEmailAndValidPassword -->
        <test-method is-config="true" signature="terDown()[pri:0, instance:com.tutorialsninja.qa.testcases.LoginTest@75437611]" started-at="2024-09-21T22:41:21 IST" name="terDown" finished-at="2024-09-21T22:41:21 IST" duration-ms="409" status="PASS">
          <reporter-output>
          </reporter-output>
        </test-method> <!-- terDown -->
        <test-method is-config="true" signature="setUp()[pri:0, instance:com.tutorialsninja.qa.testcases.LoginTest@75437611]" started-at="2024-09-21T22:41:21 IST" name="setUp" finished-at="2024-09-21T22:41:28 IST" duration-ms="7162" status="PASS">
          <reporter-output>
          </reporter-output>
        </test-method> <!-- setUp -->
        <test-method signature="verifyLoginWithvalidEmailAndInValidPassword()[pri:4, instance:com.tutorialsninja.qa.testcases.LoginTest@75437611]" started-at="2024-09-21T22:41:28 IST" name="verifyLoginWithvalidEmailAndInValidPassword" finished-at="2024-09-21T22:41:30 IST" duration-ms="1225" status="PASS">
          <reporter-output>
          </reporter-output>
        </test-method> <!-- verifyLoginWithvalidEmailAndInValidPassword -->
        <test-method is-config="true" signature="terDown()[pri:0, instance:com.tutorialsninja.qa.testcases.LoginTest@75437611]" started-at="2024-09-21T22:41:30 IST" name="terDown" finished-at="2024-09-21T22:41:30 IST" duration-ms="0" status="PASS">
          <reporter-output>
          </reporter-output>
        </test-method> <!-- terDown -->
        <test-method is-config="true" signature="setUp()[pri:0, instance:com.tutorialsninja.qa.testcases.LoginTest@75437611]" started-at="2024-09-21T22:41:30 IST" name="setUp" finished-at="2024-09-21T22:41:36 IST" duration-ms="6634" status="PASS">
          <reporter-output>
          </reporter-output>
        </test-method> <!-- setUp -->
        <test-method signature="verifyLoginWithoutProvidingCredials()[pri:5, instance:com.tutorialsninja.qa.testcases.LoginTest@75437611]" started-at="2024-09-21T22:41:36 IST" name="verifyLoginWithoutProvidingCredials" finished-at="2024-09-21T22:41:37 IST" duration-ms="945" status="PASS">
          <reporter-output>
          </reporter-output>
        </test-method> <!-- verifyLoginWithoutProvidingCredials -->
        <test-method is-config="true" signature="terDown()[pri:0, instance:com.tutorialsninja.qa.testcases.LoginTest@75437611]" started-at="2024-09-21T22:41:37 IST" name="terDown" finished-at="2024-09-21T22:41:37 IST" duration-ms="183" status="PASS">
          <reporter-output>
          </reporter-output>
        </test-method> <!-- terDown -->
      </class> <!-- com.tutorialsninja.qa.testcases.LoginTest -->
      <class name="com.tutorialsninja.qa.testcases.SearchTest">
        <test-method is-config="true" signature="setup()[pri:0, instance:com.tutorialsninja.qa.testcases.SearchTest@742ff096]" started-at="2024-09-21T22:40:34 IST" name="setup" finished-at="2024-09-21T22:40:39 IST" duration-ms="5509" status="PASS">
          <reporter-output>
          </reporter-output>
        </test-method> <!-- setup -->
        <test-method signature="verifysearchWithValidProduct()[pri:1, instance:com.tutorialsninja.qa.testcases.SearchTest@742ff096]" started-at="2024-09-21T22:40:39 IST" name="verifysearchWithValidProduct" finished-at="2024-09-21T22:40:40 IST" duration-ms="697" status="PASS">
          <reporter-output>
          </reporter-output>
        </test-method> <!-- verifysearchWithValidProduct -->
        <test-method is-config="true" signature="setup()[pri:0, instance:com.tutorialsninja.qa.testcases.SearchTest@742ff096]" started-at="2024-09-21T22:40:40 IST" name="setup" finished-at="2024-09-21T22:40:46 IST" duration-ms="6496" status="PASS">
          <reporter-output>
          </reporter-output>
        </test-method> <!-- setup -->
        <test-method signature="verifySearchWithInvalid()[pri:2, instance:com.tutorialsninja.qa.testcases.SearchTest@742ff096]" started-at="2024-09-21T22:40:46 IST" name="verifySearchWithInvalid" finished-at="2024-09-21T22:40:48 IST" duration-ms="1118" status="PASS">
          <reporter-output>
          </reporter-output>
        </test-method> <!-- verifySearchWithInvalid -->
        <test-method is-config="true" signature="setup()[pri:0, instance:com.tutorialsninja.qa.testcases.SearchTest@742ff096]" started-at="2024-09-21T22:40:48 IST" name="setup" finished-at="2024-09-21T22:40:56 IST" duration-ms="8320" status="PASS">
          <reporter-output>
          </reporter-output>
        </test-method> <!-- setup -->
        <test-method signature="verifySearchWithoutAnyproduct()[pri:3, instance:com.tutorialsninja.qa.testcases.SearchTest@742ff096]" started-at="2024-09-21T22:40:56 IST" name="verifySearchWithoutAnyproduct" finished-at="2024-09-21T22:40:57 IST" depends-on-methods="com.tutorialsninja.qa.testcases.SearchTest.verifysearchWithValidProduct, com.tutorialsninja.qa.testcases.SearchTest.verifySearchWithInvalid" duration-ms="893" status="PASS">
          <reporter-output>
          </reporter-output>
        </test-method> <!-- verifySearchWithoutAnyproduct -->
      </class> <!-- com.tutorialsninja.qa.testcases.SearchTest -->
    </test> <!-- Test -->
  </suite> <!-- Suite -->
</testng-results>
